0 info it worked if it ends with ok
1 verbose cli [ '/usr/local/bin/node', '/usr/bin/npm', 'start' ]
2 info using npm@3.10.10
3 info using node@v8.7.0
4 verbose run-script [ 'prestart', 'start', 'poststart' ]
5 info lifecycle push_notification@1.0.0~prestart: push_notification@1.0.0
6 silly lifecycle push_notification@1.0.0~prestart: no script for prestart, continuing
7 info lifecycle push_notification@1.0.0~start: push_notification@1.0.0
8 verbose lifecycle push_notification@1.0.0~start: unsafe-perm in lifecycle true
9 verbose lifecycle push_notification@1.0.0~start: PATH: /usr/lib/node_modules/npm/bin/node-gyp-bin:/home/anton/Desktop/www/Tests/push/node_modules/.bin:/home/anton/.rvm/gems/ruby-2.2.0/bin:/home/anton/.rvm/gems/ruby-2.2.0@global/bin:/home/anton/.rvm/rubies/ruby-2.2.0/bin:/home/anton/.npm-global/bin:/usr/local/bin:/usr/local/sbin:/usr/bin:/usr/sbin:/bin:/sbin:/opt/android-studio/bin:/home/anton/.rvm/bin:/home/anton/.rvm/bin:/home/anton/.local/bin:/home/anton/bin:/usr/bin/VirtualBox:/usr/bin/vagrant:/home/anton/.rvm/bin
10 verbose lifecycle push_notification@1.0.0~start: CWD: /home/anton/Desktop/www/Tests/push
11 silly lifecycle push_notification@1.0.0~start: Args: [ '-c', 'node index.js' ]
12 silly lifecycle push_notification@1.0.0~start: Returned: code: 1  signal: null
13 info lifecycle push_notification@1.0.0~start: Failed to exec start script
14 verbose stack Error: push_notification@1.0.0 start: `node index.js`
14 verbose stack Exit status 1
14 verbose stack     at EventEmitter.<anonymous> (/usr/lib/node_modules/npm/lib/utils/lifecycle.js:255:16)
14 verbose stack     at emitTwo (events.js:125:13)
14 verbose stack     at EventEmitter.emit (events.js:213:7)
14 verbose stack     at ChildProcess.<anonymous> (/usr/lib/node_modules/npm/lib/utils/spawn.js:40:14)
14 verbose stack     at emitTwo (events.js:125:13)
14 verbose stack     at ChildProcess.emit (events.js:213:7)
14 verbose stack     at maybeClose (internal/child_process.js:927:16)
14 verbose stack     at Process.ChildProcess._handle.onexit (internal/child_process.js:211:5)
15 verbose pkgid push_notification@1.0.0
16 verbose cwd /home/anton/Desktop/www/Tests/push
17 error Linux 4.12.10-1.el7.elrepo.x86_64
18 error argv "/usr/local/bin/node" "/usr/bin/npm" "start"
19 error node v8.7.0
20 error npm  v3.10.10
21 error code ELIFECYCLE
22 error push_notification@1.0.0 start: `node index.js`
22 error Exit status 1
23 error Failed at the push_notification@1.0.0 start script 'node index.js'.
23 error Make sure you have the latest version of node.js and npm installed.
23 error If you do, this is most likely a problem with the push_notification package,
23 error not with npm itself.
23 error Tell the author that this fails on your system:
23 error     node index.js
23 error You can get information on how to open an issue for this project with:
23 error     npm bugs push_notification
23 error Or if that isn't available, you can get their info via:
23 error     npm owner ls push_notification
23 error There is likely additional logging output above.
24 verbose exit [ 1, true ]
